REM INSERTING into EXPORT_TABLE
SET DEFINE OFF;
Insert into EXPORT_TABLE (PLAN_TABLE_OUTPUT) values ('Plan hash value: 377293943');
Insert into EXPORT_TABLE (PLAN_TABLE_OUTPUT) values (' ');
Insert into EXPORT_TABLE (PLAN_TABLE_OUTPUT) values ('--------------------------------------------------------------------------------------------------------');
Insert into EXPORT_TABLE (PLAN_TABLE_OUTPUT) values ('| Id  | Operation                        | Name                | Rows  | Bytes | Cost (%CPU)| Time     |');
Insert into EXPORT_TABLE (PLAN_TABLE_OUTPUT) values ('--------------------------------------------------------------------------------------------------------');
Insert into EXPORT_TABLE (PLAN_TABLE_OUTPUT) values ('|   0 | SELECT STATEMENT                 |                     |     1 |   185 |     4  (25)| 00:00:01 |');
Insert into EXPORT_TABLE (PLAN_TABLE_OUTPUT) values ('|   1 |  FAST DUAL                       |                     |     1 |       |     2   (0)| 00:00:01 |');
Insert into EXPORT_TABLE (PLAN_TABLE_OUTPUT) values ('|   2 |  FAST DUAL                       |                     |     1 |       |     2   (0)| 00:00:01 |');
Insert into EXPORT_TABLE (PLAN_TABLE_OUTPUT) values ('|   3 |  HASH GROUP BY                   |                     |     1 |   185 |     4  (25)| 00:00:01 |');
Insert into EXPORT_TABLE (PLAN_TABLE_OUTPUT) values ('|   4 |   NESTED LOOPS                   |                     |       |       |            |          |');
Insert into EXPORT_TABLE (PLAN_TABLE_OUTPUT) values ('|   5 |    NESTED LOOPS                  |                     |     1 |   185 |     3   (0)| 00:00:01 |');
Insert into EXPORT_TABLE (PLAN_TABLE_OUTPUT) values ('|   6 |     NESTED LOOPS                 |                     |     1 |   159 |     3   (0)| 00:00:01 |');
Insert into EXPORT_TABLE (PLAN_TABLE_OUTPUT) values ('|   7 |      NESTED LOOPS                |                     |     1 |   133 |     0   (0)| 00:00:01 |');
Insert into EXPORT_TABLE (PLAN_TABLE_OUTPUT) values ('|   8 |       TABLE ACCESS BY INDEX ROWID| PATIENT_BILL        |     1 |    66 |     0   (0)| 00:00:01 |');
Insert into EXPORT_TABLE (PLAN_TABLE_OUTPUT) values ('|*  9 |        INDEX UNIQUE SCAN         | SYS_C007698         |     1 |       |     0   (0)| 00:00:01 |');
Insert into EXPORT_TABLE (PLAN_TABLE_OUTPUT) values ('|  10 |       TABLE ACCESS BY INDEX ROWID| PATIENT             |     1 |    67 |     0   (0)| 00:00:01 |');
Insert into EXPORT_TABLE (PLAN_TABLE_OUTPUT) values ('|* 11 |        INDEX UNIQUE SCAN         | SYS_C007694         |     1 |       |     0   (0)| 00:00:01 |');
Insert into EXPORT_TABLE (PLAN_TABLE_OUTPUT) values ('|* 12 |      TABLE ACCESS FULL           | PATIENT_BILL_DETAIL |     1 |    26 |     3   (0)| 00:00:01 |');
Insert into EXPORT_TABLE (PLAN_TABLE_OUTPUT) values ('|* 13 |     INDEX UNIQUE SCAN            | SYS_C007696         |     1 |       |     0   (0)| 00:00:01 |');
Insert into EXPORT_TABLE (PLAN_TABLE_OUTPUT) values ('|* 14 |    TABLE ACCESS BY INDEX ROWID   | ITEM                |     1 |    26 |     0   (0)| 00:00:01 |');
Insert into EXPORT_TABLE (PLAN_TABLE_OUTPUT) values ('--------------------------------------------------------------------------------------------------------');
Insert into EXPORT_TABLE (PLAN_TABLE_OUTPUT) values (' ');
Insert into EXPORT_TABLE (PLAN_TABLE_OUTPUT) values ('Query Block Name / Object Alias (identified by operation id):');
Insert into EXPORT_TABLE (PLAN_TABLE_OUTPUT) values ('-------------------------------------------------------------');
Insert into EXPORT_TABLE (PLAN_TABLE_OUTPUT) values (' ');
Insert into EXPORT_TABLE (PLAN_TABLE_OUTPUT) values ('   1 - SEL$6        / DUAL@SEL$6');
Insert into EXPORT_TABLE (PLAN_TABLE_OUTPUT) values ('   2 - SEL$7        / DUAL@SEL$7');
Insert into EXPORT_TABLE (PLAN_TABLE_OUTPUT) values ('   3 - SEL$ED80C923');
Insert into EXPORT_TABLE (PLAN_TABLE_OUTPUT) values ('   8 - SEL$ED80C923 / PB@SEL$3');
Insert into EXPORT_TABLE (PLAN_TABLE_OUTPUT) values ('   9 - SEL$ED80C923 / PB@SEL$3');
Insert into EXPORT_TABLE (PLAN_TABLE_OUTPUT) values ('  10 - SEL$ED80C923 / P@SEL$4');
Insert into EXPORT_TABLE (PLAN_TABLE_OUTPUT) values ('  11 - SEL$ED80C923 / P@SEL$4');
Insert into EXPORT_TABLE (PLAN_TABLE_OUTPUT) values ('  12 - SEL$ED80C923 / PBD@SEL$1');
Insert into EXPORT_TABLE (PLAN_TABLE_OUTPUT) values ('  13 - SEL$ED80C923 / I@SEL$1');
Insert into EXPORT_TABLE (PLAN_TABLE_OUTPUT) values ('  14 - SEL$ED80C923 / I@SEL$1');
Insert into EXPORT_TABLE (PLAN_TABLE_OUTPUT) values (' ');
Insert into EXPORT_TABLE (PLAN_TABLE_OUTPUT) values ('Predicate Information (identified by operation id):');
Insert into EXPORT_TABLE (PLAN_TABLE_OUTPUT) values ('---------------------------------------------------');
Insert into EXPORT_TABLE (PLAN_TABLE_OUTPUT) values (' ');
Insert into EXPORT_TABLE (PLAN_TABLE_OUTPUT) values ('   9 - access("PB"."ID_PATIENT_BILL"=3500)');
Insert into EXPORT_TABLE (PLAN_TABLE_OUTPUT) values ('  11 - access("P"."ID_PATIENT"="PB"."ID_PATIENT")');
Insert into EXPORT_TABLE (PLAN_TABLE_OUTPUT) values ('  12 - filter("PBD"."ID_PATIENT_BILL"=3500)');
Insert into EXPORT_TABLE (PLAN_TABLE_OUTPUT) values ('  13 - access("PBD"."ID_ITEM_CODE"="I"."ID_ITEM_CODE")');
Insert into EXPORT_TABLE (PLAN_TABLE_OUTPUT) values ('  14 - filter("I"."ID_COST_CENTER"=100)');
Insert into EXPORT_TABLE (PLAN_TABLE_OUTPUT) values (' ');
Insert into EXPORT_TABLE (PLAN_TABLE_OUTPUT) values ('Column Projection Information (identified by operation id):');
Insert into EXPORT_TABLE (PLAN_TABLE_OUTPUT) values ('-----------------------------------------------------------');
Insert into EXPORT_TABLE (PLAN_TABLE_OUTPUT) values (' ');
Insert into EXPORT_TABLE (PLAN_TABLE_OUTPUT) values ('   3 - (#keys=9) "P"."ID_PATIENT"[NUMBER,22], "P"."PATIENT_NAME"[VARCHAR2,50], ');
Insert into EXPORT_TABLE (PLAN_TABLE_OUTPUT) values ('       "P"."PATIENT_ADDRESS"[VARCHAR2,50], "PB"."DATE_BILL"[DATE,7], "PB"."DATE_ADMITTED"[DATE,7], ');
Insert into EXPORT_TABLE (PLAN_TABLE_OUTPUT) values ('       "PB"."DISCHARGE_DATE"[DATE,7], "PB"."BALANCE_DUE"[NUMBER,22], "PBD"."ID_ITEM_CODE"[NUMBER,22], ');
Insert into EXPORT_TABLE (PLAN_TABLE_OUTPUT) values ('       "I"."ID_COST_CENTER"[NUMBER,22], COUNT(*)[22], COUNT("PBD"."ID_ITEM_CODE")[22]');
Insert into EXPORT_TABLE (PLAN_TABLE_OUTPUT) values ('   4 - (#keys=0) "PB"."DATE_BILL"[DATE,7], "PB"."DATE_ADMITTED"[DATE,7], ');
Insert into EXPORT_TABLE (PLAN_TABLE_OUTPUT) values ('       "PB"."DISCHARGE_DATE"[DATE,7], "PB"."BALANCE_DUE"[NUMBER,22], "P"."ID_PATIENT"[NUMBER,22], ');
Insert into EXPORT_TABLE (PLAN_TABLE_OUTPUT) values ('       "P"."PATIENT_NAME"[VARCHAR2,50], "P"."PATIENT_ADDRESS"[VARCHAR2,50], ');
Insert into EXPORT_TABLE (PLAN_TABLE_OUTPUT) values ('       "PBD"."ID_ITEM_CODE"[NUMBER,22], "I"."ID_COST_CENTER"[NUMBER,22]');
Insert into EXPORT_TABLE (PLAN_TABLE_OUTPUT) values ('   5 - (#keys=0) "PB"."DATE_BILL"[DATE,7], "PB"."DATE_ADMITTED"[DATE,7], ');
Insert into EXPORT_TABLE (PLAN_TABLE_OUTPUT) values ('       "PB"."DISCHARGE_DATE"[DATE,7], "PB"."BALANCE_DUE"[NUMBER,22], "P"."ID_PATIENT"[NUMBER,22], ');
Insert into EXPORT_TABLE (PLAN_TABLE_OUTPUT) values ('       "P"."PATIENT_NAME"[VARCHAR2,50], "P"."PATIENT_ADDRESS"[VARCHAR2,50], ');
Insert into EXPORT_TABLE (PLAN_TABLE_OUTPUT) values ('       "PBD"."ID_ITEM_CODE"[NUMBER,22], "I".ROWID[ROWID,10]');
Insert into EXPORT_TABLE (PLAN_TABLE_OUTPUT) values ('   6 - (#keys=0) "PB"."DATE_BILL"[DATE,7], "PB"."DATE_ADMITTED"[DATE,7], ');
Insert into EXPORT_TABLE (PLAN_TABLE_OUTPUT) values ('       "PB"."DISCHARGE_DATE"[DATE,7], "PB"."BALANCE_DUE"[NUMBER,22], "P"."ID_PATIENT"[NUMBER,22], ');
Insert into EXPORT_TABLE (PLAN_TABLE_OUTPUT) values ('       "P"."PATIENT_NAME"[VARCHAR2,50], "P"."PATIENT_ADDRESS"[VARCHAR2,50], ');
Insert into EXPORT_TABLE (PLAN_TABLE_OUTPUT) values ('       "PBD"."ID_ITEM_CODE"[NUMBER,22]');
Insert into EXPORT_TABLE (PLAN_TABLE_OUTPUT) values ('   7 - (#keys=0) "PB"."DATE_BILL"[DATE,7], "PB"."DATE_ADMITTED"[DATE,7], ');
Insert into EXPORT_TABLE (PLAN_TABLE_OUTPUT) values ('       "PB"."DISCHARGE_DATE"[DATE,7], "PB"."BALANCE_DUE"[NUMBER,22], "P"."ID_PATIENT"[NUMBER,22], ');
Insert into EXPORT_TABLE (PLAN_TABLE_OUTPUT) values ('       "P"."PATIENT_NAME"[VARCHAR2,50], "P"."PATIENT_ADDRESS"[VARCHAR2,50]');
Insert into EXPORT_TABLE (PLAN_TABLE_OUTPUT) values ('   8 - "PB"."ID_PATIENT"[NUMBER,22], "PB"."DATE_BILL"[DATE,7], "PB"."DATE_ADMITTED"[DATE,7], ');
Insert into EXPORT_TABLE (PLAN_TABLE_OUTPUT) values ('       "PB"."DISCHARGE_DATE"[DATE,7], "PB"."BALANCE_DUE"[NUMBER,22]');
Insert into EXPORT_TABLE (PLAN_TABLE_OUTPUT) values ('   9 - "PB".ROWID[ROWID,10]');
Insert into EXPORT_TABLE (PLAN_TABLE_OUTPUT) values ('  10 - "P"."ID_PATIENT"[NUMBER,22], "P"."PATIENT_NAME"[VARCHAR2,50], ');
Insert into EXPORT_TABLE (PLAN_TABLE_OUTPUT) values ('       "P"."PATIENT_ADDRESS"[VARCHAR2,50]');
Insert into EXPORT_TABLE (PLAN_TABLE_OUTPUT) values ('  11 - "P".ROWID[ROWID,10], "P"."ID_PATIENT"[NUMBER,22]');
Insert into EXPORT_TABLE (PLAN_TABLE_OUTPUT) values ('  12 - "PBD"."ID_ITEM_CODE"[NUMBER,22]');
Insert into EXPORT_TABLE (PLAN_TABLE_OUTPUT) values ('  13 - "I".ROWID[ROWID,10]');
Insert into EXPORT_TABLE (PLAN_TABLE_OUTPUT) values ('  14 - "I"."ID_COST_CENTER"[NUMBER,22]');
